Determining if the pthread_create exist failed with the following output:
Change Dir: /home/svakhreev/Projects/CameraManagerCore/3rdParty/onvif_wrapper/build/CMakeFiles/CMakeTmp

Run Build Command:"/usr/bin/make" "cmTC_601d9/fast"
/usr/bin/make -f CMakeFiles/cmTC_601d9.dir/build.make CMakeFiles/cmTC_601d9.dir/build
make[1]: вход в каталог «/home/svakhreev/Projects/CameraManagerCore/3rdParty/onvif_wrapper/build/CMakeFiles/CMakeTmp»
/usr/bin/cmake: /usr/local/lib/libssl.so.1.0.0: no version information available (required by /usr/lib/x86_64-linux-gnu/libcurl.so.4)
/usr/bin/cmake: /usr/local/lib/libssl.so.1.0.0: no version information available (required by /usr/lib/x86_64-linux-gnu/libcurl.so.4)
/usr/bin/cmake: /usr/local/lib/libssl.so.1.0.0: no version information available (required by /usr/lib/x86_64-linux-gnu/libcurl.so.4)
/usr/bin/cmake: /usr/local/lib/libcrypto.so.1.0.0: no version information available (required by /usr/lib/x86_64-linux-gnu/libcurl.so.4)
Building C object CMakeFiles/cmTC_601d9.dir/CheckSymbolExists.c.o
/usr/bin/cc     -o CMakeFiles/cmTC_601d9.dir/CheckSymbolExists.c.o   -c /home/svakhreev/Projects/CameraManagerCore/3rdParty/onvif_wrapper/build/CMakeFiles/CMakeTmp/CheckSymbolExists.c
/usr/bin/cmake: /usr/local/lib/libssl.so.1.0.0: no version information available (required by /usr/lib/x86_64-linux-gnu/libcurl.so.4)
/usr/bin/cmake: /usr/local/lib/libssl.so.1.0.0: no version information available (required by /usr/lib/x86_64-linux-gnu/libcurl.so.4)
/usr/bin/cmake: /usr/local/lib/libssl.so.1.0.0: no version information available (required by /usr/lib/x86_64-linux-gnu/libcurl.so.4)
/usr/bin/cmake: /usr/local/lib/libcrypto.so.1.0.0: no version information available (required by /usr/lib/x86_64-linux-gnu/libcurl.so.4)
Linking C executable cmTC_601d9
/usr/bin/cmake -E cmake_link_script CMakeFiles/cmTC_601d9.dir/link.txt --verbose=1
/usr/bin/cmake: /usr/local/lib/libssl.so.1.0.0: no version information available (required by /usr/lib/x86_64-linux-gnu/libcurl.so.4)
/usr/bin/cmake: /usr/local/lib/libssl.so.1.0.0: no version information available (required by /usr/lib/x86_64-linux-gnu/libcurl.so.4)
/usr/bin/cmake: /usr/local/lib/libssl.so.1.0.0: no version information available (required by /usr/lib/x86_64-linux-gnu/libcurl.so.4)
/usr/bin/cmake: /usr/local/lib/libcrypto.so.1.0.0: no version information available (required by /usr/lib/x86_64-linux-gnu/libcurl.so.4)
/usr/bin/cc       CMakeFiles/cmTC_601d9.dir/CheckSymbolExists.c.o  -o cmTC_601d9 -rdynamic 
CMakeFiles/cmTC_601d9.dir/CheckSymbolExists.c.o: In function `main':
CheckSymbolExists.c:(.text+0x16): undefined reference to `pthread_create'
collect2: ошибка: выполнение ld завершилось с кодом возврата 1
CMakeFiles/cmTC_601d9.dir/build.make:97: ошибка выполнения рецепта для цели «cmTC_601d9»
make[1]: *** [cmTC_601d9] Ошибка 1
make[1]: выход из каталога «/home/svakhreev/Projects/CameraManagerCore/3rdParty/onvif_wrapper/build/CMakeFiles/CMakeTmp»
Makefile:126: ошибка выполнения рецепта для цели «cmTC_601d9/fast»
make: *** [cmTC_601d9/fast] Ошибка 2

File /home/svakhreev/Projects/CameraManagerCore/3rdParty/onvif_wrapper/build/CMakeFiles/CMakeTmp/CheckSymbolExists.c:
/* */
#include <pthread.h>

int main(int argc, char** argv)
{
  (void)argv;
#ifndef pthread_create
  return ((int*)(&pthread_create))[argc];
#else
  (void)argc;
  return 0;
#endif
}

Determining if the function pthread_create exists in the pthreads failed with the following output:
Change Dir: /home/svakhreev/Projects/CameraManagerCore/3rdParty/onvif_wrapper/build/CMakeFiles/CMakeTmp

Run Build Command:"/usr/bin/make" "cmTC_5ddd3/fast"
/usr/bin/make -f CMakeFiles/cmTC_5ddd3.dir/build.make CMakeFiles/cmTC_5ddd3.dir/build
make[1]: вход в каталог «/home/svakhreev/Projects/CameraManagerCore/3rdParty/onvif_wrapper/build/CMakeFiles/CMakeTmp»
/usr/bin/cmake: /usr/local/lib/libssl.so.1.0.0: no version information available (required by /usr/lib/x86_64-linux-gnu/libcurl.so.4)
/usr/bin/cmake: /usr/local/lib/libssl.so.1.0.0: no version information available (required by /usr/lib/x86_64-linux-gnu/libcurl.so.4)
/usr/bin/cmake: /usr/local/lib/libssl.so.1.0.0: no version information available (required by /usr/lib/x86_64-linux-gnu/libcurl.so.4)
/usr/bin/cmake: /usr/local/lib/libcrypto.so.1.0.0: no version information available (required by /usr/lib/x86_64-linux-gnu/libcurl.so.4)
Building C object CMakeFiles/cmTC_5ddd3.dir/CheckFunctionExists.c.o
/usr/bin/cc    -DCHECK_FUNCTION_EXISTS=pthread_create   -o CMakeFiles/cmTC_5ddd3.dir/CheckFunctionExists.c.o   -c /usr/share/cmake-3.5/Modules/CheckFunctionExists.c
/usr/bin/cmake: /usr/local/lib/libssl.so.1.0.0: no version information available (required by /usr/lib/x86_64-linux-gnu/libcurl.so.4)
/usr/bin/cmake: /usr/local/lib/libssl.so.1.0.0: no version information available (required by /usr/lib/x86_64-linux-gnu/libcurl.so.4)
/usr/bin/cmake: /usr/local/lib/libssl.so.1.0.0: no version information available (required by /usr/lib/x86_64-linux-gnu/libcurl.so.4)
/usr/bin/cmake: /usr/local/lib/libcrypto.so.1.0.0: no version information available (required by /usr/lib/x86_64-linux-gnu/libcurl.so.4)
Linking C executable cmTC_5ddd3
/usr/bin/cmake -E cmake_link_script CMakeFiles/cmTC_5ddd3.dir/link.txt --verbose=1
/usr/bin/cmake: /usr/local/lib/libssl.so.1.0.0: no version information available (required by /usr/lib/x86_64-linux-gnu/libcurl.so.4)
/usr/bin/cmake: /usr/local/lib/libssl.so.1.0.0: no version information available (required by /usr/lib/x86_64-linux-gnu/libcurl.so.4)
/usr/bin/cmake: /usr/local/lib/libssl.so.1.0.0: no version information available (required by /usr/lib/x86_64-linux-gnu/libcurl.so.4)
/usr/bin/cmake: /usr/local/lib/libcrypto.so.1.0.0: no version information available (required by /usr/lib/x86_64-linux-gnu/libcurl.so.4)
/usr/bin/cc   -DCHECK_FUNCTION_EXISTS=pthread_create    CMakeFiles/cmTC_5ddd3.dir/CheckFunctionExists.c.o  -o cmTC_5ddd3 -rdynamic -lpthreads 
/usr/bin/ld: cannot find -lpthreads
collect2: ошибка: выполнение ld завершилось с кодом возврата 1
CMakeFiles/cmTC_5ddd3.dir/build.make:97: ошибка выполнения рецепта для цели «cmTC_5ddd3»
make[1]: *** [cmTC_5ddd3] Ошибка 1
make[1]: выход из каталога «/home/svakhreev/Projects/CameraManagerCore/3rdParty/onvif_wrapper/build/CMakeFiles/CMakeTmp»
Makefile:126: ошибка выполнения рецепта для цели «cmTC_5ddd3/fast»
make: *** [cmTC_5ddd3/fast] Ошибка 2


